{
  "RSpec": {
    "coverage": {
      "/home/josh/Documents/code/personal/spark_plugs/lib/spark_plugs.rb": [
        1,
        null,
        1,
        null
      ],
      "/home/josh/Documents/code/personal/spark_plugs/lib/spark_plugs/engine.rb": [
        1,
        1,
        1,
        1,
        1,
        1,
        null,
        1,
        1,
        0,
        0,
        null,
        null,
        null,
        null,
        null
      ],
      "/home/josh/Documents/code/personal/spark_plugs/config/initializers/spark_plugs.rb": [
        1,
        1,
        1,
        0,
        0,
        null,
        0,
        null,
        null,
        null,
        null
      ],
      "/home/josh/Documents/code/personal/spark_plugs/config/routes.rb": [
        1,
        1,
        1,
        null
      ],
      "/home/josh/Documents/code/personal/spark_plugs/app/controllers/spark_plugs/static_pages_controller.rb": [
        1,
        null,
        1,
        1,
        1,
        null,
        null,
        1,
        2,
        2,
        1,
        1,
        null,
        1,
        null,
        null,
        null,
        null,
        1,
        1,
        null,
        null,
        null,
        1,
        null,
        null,
        null,
        1,
        5,
        null,
        5,
        3,
        null,
        2,
        null,
        null,
        null,
        null,
        1,
        5,
        3,
        null,
        2,
        null,
        null,
        null,
        null,
        1,
        2,
        2,
        null,
        null,
        1,
        null,
        1,
        8,
        null,
        null,
        null,
        1,
        10,
        null,
        null,
        null
      ],
      "/home/josh/Documents/code/personal/spark_plugs/app/controllers/spark_plugs/application_controller.rb": [
        1,
        null
      ],
      "/home/josh/Documents/code/personal/spark_plugs/app/helpers/spark_plugs/application_helper.rb": [
        1,
        1,
        null,
        null
      ],
      "/home/josh/Documents/code/personal/spark_plugs/app/helpers/spark_plugs/static_pages_helper.rb": [
        1,
        1,
        1,
        1,
        null,
        null,
        null
      ],
      "/home/josh/Documents/code/personal/spark_plugs/app/models/spark_plugs/static_page.rb": [
        null,
        null,
        null,
        null,
        null,
        null,
        null,
        null,
        null,
        null,
        null,
        null,
        1,
        1,
        1,
        1,
        1,
        1,
        1,
        1,
        1,
        null,
        1,
        4,
        null,
        null,
        null
      ]
    },
    "timestamp": 1426025099
  }
}
